0 info it worked if it ends with ok
1 verbose cli [ '/usr/bin/nodejs', '/usr/bin/npm', 'install', '-g', 'express' ]
2 info using npm@1.3.10
3 info using node@v0.10.25
4 verbose cache add [ 'express', null ]
5 verbose cache add name=undefined spec="express" args=["express",null]
6 verbose parsed url { protocol: null,
6 verbose parsed url   slashes: null,
6 verbose parsed url   auth: null,
6 verbose parsed url   host: null,
6 verbose parsed url   port: null,
6 verbose parsed url   hostname: null,
6 verbose parsed url   hash: null,
6 verbose parsed url   search: null,
6 verbose parsed url   query: null,
6 verbose parsed url   pathname: 'express',
6 verbose parsed url   path: 'express',
6 verbose parsed url   href: 'express' }
7 silly lockFile f3c62de4-express express
8 verbose lock express /home/naveen/.npm/f3c62de4-express.lock
9 silly lockFile f3c62de4-express express
10 silly lockFile f3c62de4-express express
11 verbose addNamed [ 'express', '' ]
12 verbose addNamed [ null, '*' ]
13 silly lockFile 64a534c1-express express@
14 verbose lock express@ /home/naveen/.npm/64a534c1-express.lock
15 silly addNameRange { name: 'express', range: '*', hasData: false }
16 verbose url raw express
17 verbose url resolving [ 'https://registry.npmjs.org/', './express' ]
18 verbose url resolved https://registry.npmjs.org/express
19 info trying registry request attempt 1 at 09:17:04
20 verbose etag "F0G9SQ06ELRL6FJ9JV8GZMVTV"
21 http GET https://registry.npmjs.org/express
22 http 200 https://registry.npmjs.org/express
23 silly registry.get cb [ 200,
23 silly registry.get   { server: 'CouchDB/1.5.0 (Erlang OTP/R16B03)',
23 silly registry.get     etag: '"B7OGW0YY4CJU76IDIX1KQ8FMH"',
23 silly registry.get     'content-type': 'application/json',
23 silly registry.get     'cache-control': 'max-age=300',
23 silly registry.get     'content-length': '533250',
23 silly registry.get     'accept-ranges': 'bytes',
23 silly registry.get     date: 'Sun, 07 Feb 2016 03:47:10 GMT',
23 silly registry.get     via: '1.1 varnish',
23 silly registry.get     age: '172',
23 silly registry.get     connection: 'keep-alive',
23 silly registry.get     'x-served-by': 'cache-sin6921-SIN',
23 silly registry.get     'x-cache': 'HIT',
23 silly registry.get     'x-cache-hits': '18',
23 silly registry.get     'x-timer': 'S1454816830.404914,VS0,VE0',
23 silly registry.get     vary: 'Accept' } ]
24 silly addNameRange number 2 { name: 'express', range: '*', hasData: true }
25 silly addNameRange versions [ 'express',
25 silly addNameRange   [ '0.14.0',
25 silly addNameRange     '0.14.1',
25 silly addNameRange     '1.0.0',
25 silly addNameRange     '1.0.1',
25 silly addNameRange     '1.0.2',
25 silly addNameRange     '1.0.3',
25 silly addNameRange     '1.0.4',
25 silly addNameRange     '1.0.5',
25 silly addNameRange     '1.0.6',
25 silly addNameRange     '1.0.7',
25 silly addNameRange     '1.0.8',
25 silly addNameRange     '2.0.0',
25 silly addNameRange     '2.1.0',
25 silly addNameRange     '2.1.1',
25 silly addNameRange     '2.2.0',
25 silly addNameRange     '2.2.1',
25 silly addNameRange     '2.2.2',
25 silly addNameRange     '2.3.0',
25 silly addNameRange     '2.3.1',
25 silly addNameRange     '2.3.2',
25 silly addNameRange     '2.3.3',
25 silly addNameRange     '2.3.4',
25 silly addNameRange     '2.3.5',
25 silly addNameRange     '2.3.6',
25 silly addNameRange     '2.3.7',
25 silly addNameRange     '2.3.8',
25 silly addNameRange     '2.3.9',
25 silly addNameRange     '2.3.10',
25 silly addNameRange     '2.3.11',
25 silly addNameRange     '2.3.12',
25 silly addNameRange     '2.4.0',
25 silly addNameRange     '2.4.1',
25 silly addNameRange     '2.4.2',
25 silly addNameRange     '2.4.3',
25 silly addNameRange     '2.4.4',
25 silly addNameRange     '2.4.5',
25 silly addNameRange     '2.4.6',
25 silly addNameRange     '2.4.7',
25 silly addNameRange     '2.5.0',
25 silly addNameRange     '2.5.1',
25 silly addNameRange     '2.5.2',
25 silly addNameRange     '2.5.3',
25 silly addNameRange     '2.5.4',
25 silly addNameRange     '2.5.5',
25 silly addNameRange     '2.5.6',
25 silly addNameRange     '2.5.7',
25 silly addNameRange     '2.5.8',
25 silly addNameRange     '2.5.9',
25 silly addNameRange     '2.5.10',
25 silly addNameRange     '2.5.11',
25 silly addNameRange     '3.0.0',
25 silly addNameRange     '3.0.1',
25 silly addNameRange     '3.0.2',
25 silly addNameRange     '3.0.3',
25 silly addNameRange     '3.0.4',
25 silly addNameRange     '3.0.5',
25 silly addNameRange     '3.0.6',
25 silly addNameRange     '3.1.0',
25 silly addNameRange     '3.1.1',
25 silly addNameRange     '3.1.2',
25 silly addNameRange     '3.2.0',
25 silly addNameRange     '3.2.1',
25 silly addNameRange     '3.2.2',
25 silly addNameRange     '3.2.3',
25 silly addNameRange     '3.2.4',
25 silly addNameRange     '3.2.5',
25 silly addNameRange     '3.2.6',
25 silly addNameRange     '3.3.0',
25 silly addNameRange     '3.3.1',
25 silly addNameRange     '3.3.2',
25 silly addNameRange     '3.3.3',
25 silly addNameRange     '3.3.4',
25 silly addNameRange     '3.3.5',
25 silly addNameRange     '3.3.6',
25 silly addNameRange     '1.0.0-beta',
25 silly addNameRange     '1.0.0-beta2',
25 silly addNameRange     '1.0.0-rc',
25 silly addNameRange     '1.0.0-rc2',
25 silly addNameRange     '1.0.0-rc3',
25 silly addNameRange     '1.0.0-rc4',
25 silly addNameRange     '2.0.0-beta',
25 silly addNameRange     '2.0.0-beta2',
25 silly addNameRange     '2.0.0-beta3',
25 silly addNameRange     '2.0.0-rc',
25 silly addNameRange     '2.0.0-rc2',
25 silly addNameRange     '2.0.0-rc3',
25 silly addNameRange     '3.0.0-alpha1',
25 silly addNameRange     '3.0.0-alpha2',
25 silly addNameRange     '3.0.0-alpha3',
25 silly addNameRange     '3.0.0-alpha4',
25 silly addNameRange     '3.0.0-alpha5',
25 silly addNameRange     '3.0.0-beta1',
25 silly addNameRange     '3.0.0-beta2',
25 silly addNameRange     '3.0.0-beta3',
25 silly addNameRange     '3.0.0-beta4',
25 silly addNameRange     '3.0.0-beta6',
25 silly addNameRange     '3.0.0-beta7',
25 silly addNameRange     '3.0.0-rc1',
25 silly addNameRange     '3.0.0-rc2',
25 silly addNameRange     '3.0.0-rc3',
25 silly addNameRange     '3.0.0-rc4',
25 silly addNameRange     '3.0.0-rc5',
25 silly addNameRange     '3.3.7',
25 silly addNameRange     '3.3.8',
25 silly addNameRange     '3.4.0',
25 silly addNameRange     '3.4.1',
25 silly addNameRange     '3.4.2',
25 silly addNameRange     '3.4.3',
25 silly addNameRange     '3.4.4',
25 silly addNameRange     '3.4.5',
25 silly addNameRange     '3.4.6',
25 silly addNameRange     '3.4.7',
25 silly addNameRange     '3.4.8',
25 silly addNameRange     '4.0.0-rc1',
25 silly addNameRange     '4.0.0-rc2',
25 silly addNameRange     '3.5.0',
25 silly addNameRange     '4.0.0-rc3',
25 silly addNameRange     '4.0.0-rc4',
25 silly addNameRange     '3.5.1',
25 silly addNameRange     '4.0.0',
25 silly addNameRange     '3.5.2',
25 silly addNameRange     '4.1.0',
25 silly addNameRange     '4.1.1',
25 silly addNameRange     '3.5.3',
25 silly addNameRange     '4.1.2',
25 silly addNameRange     '3.6.0',
25 silly addNameRange     '4.2.0',
25 silly addNameRange     '3.7.0',
25 silly addNameRange     '3.8.0',
25 silly addNameRange     '4.3.0',
25 silly addNameRange     '4.3.1',
25 silly addNameRange     '3.8.1',
25 silly addNameRange     '4.3.2',
25 silly addNameRange     '3.9.0',
25 silly addNameRange     '4.4.0',
25 silly addNameRange     '4.4.1',
25 silly addNameRange     '3.10.0',
25 silly addNameRange     '3.10.1',
25 silly addNameRange     '3.10.2',
25 silly addNameRange     '3.10.3',
25 silly addNameRange     '3.10.4',
25 silly addNameRange     '4.4.2',
25 silly addNameRange     '3.10.5',
25 silly addNameRange     '4.4.3',
25 silly addNameRange     '3.11.0',
25 silly addNameRange     '4.4.4',
25 silly addNameRange     '3.12.0',
25 silly addNameRange     '3.12.1',
25 silly addNameRange     '4.4.5',
25 silly addNameRange     '3.13.0',
25 silly addNameRange     '4.5.0',
25 silly addNameRange     '4.5.1',
25 silly addNameRange     '3.14.0',
25 silly addNameRange     '4.6.0',
25 silly addNameRange     '4.6.1',
25 silly addNameRange     '3.15.0',
25 silly addNameRange     '4.7.0',
25 silly addNameRange     '3.15.1',
25 silly addNameRange     '4.7.1',
25 silly addNameRange     '3.15.2',
25 silly addNameRange     '4.7.2',
25 silly addNameRange     '4.7.3',
25 silly addNameRange     '3.15.3',
25 silly addNameRange     '4.7.4',
25 silly addNameRange     '3.16.0',
25 silly addNameRange     '4.8.0',
25 silly addNameRange     '3.16.1',
25 silly addNameRange     '4.8.1',
25 silly addNameRange     '3.16.2',
25 silly addNameRange     '4.8.2',
25 silly addNameRange     '3.16.3',
25 silly addNameRange     '3.16.4',
25 silly addNameRange     '4.8.3',
25 silly addNameRange     '3.16.5',
25 silly addNameRange     '3.16.6',
25 silly addNameRange     '4.8.4',
25 silly addNameRange     '3.16.7',
25 silly addNameRange     '4.8.5',
25 silly addNameRange     '3.16.8',
25 silly addNameRange     '4.8.6',
25 silly addNameRange     '3.16.9',
25 silly addNameRange     '4.8.7',
25 silly addNameRange     '3.16.10',
25 silly addNameRange     '4.8.8',
25 silly addNameRange     '3.17.0',
25 silly addNameRange     '3.17.1',
25 silly addNameRange     '4.9.0',
25 silly addNameRange     '3.17.2',
25 silly addNameRange     '4.9.1',
25 silly addNameRange     '4.9.2',
25 silly addNameRange     '3.17.3',
25 silly addNameRange     '4.9.3',
25 silly addNameRange     '3.17.4',
25 silly addNameRange     '4.9.4',
25 silly addNameRange     '3.17.5',
25 silly addNameRange     '4.9.5',
25 silly addNameRange     '3.17.6',
25 silly addNameRange     '3.17.7',
25 silly addNameRange     '4.9.6',
25 silly addNameRange     '4.9.7',
25 silly addNameRange     '3.17.8',
25 silly addNameRange     '4.9.8',
25 silly addNameRange     '3.18.0',
25 silly addNameRange     '3.18.1',
25 silly addNameRange     '4.10.0',
25 silly addNameRange     '3.18.2',
25 silly addNameRange     '4.10.1',
25 silly addNameRange     '5.0.0-alpha.1',
25 silly addNameRange     '3.18.3',
25 silly addNameRange     '4.10.2',
25 silly addNameRange     '3.18.4',
25 silly addNameRange     '4.10.3',
25 silly addNameRange     '4.10.4',
25 silly addNameRange     '4.10.5',
25 silly addNameRange     '3.18.5',
25 silly addNameRange     '3.18.6',
25 silly addNameRange     '4.10.6',
25 silly addNameRange     '4.10.7',
25 silly addNameRange     '3.19.0',
25 silly addNameRange     '4.10.8',
25 silly addNameRange     '4.11.0',
25 silly addNameRange     '3.19.1',
25 silly addNameRange     '4.11.1',
25 silly addNameRange     '3.19.2',
25 silly addNameRange     '4.11.2',
25 silly addNameRange     '3.20.0',
25 silly addNameRange     '4.12.0',
25 silly addNameRange     '3.20.1',
25 silly addNameRange     '4.12.1',
25 silly addNameRange     '4.12.2',
25 silly addNameRange     '3.20.2',
25 silly addNameRange     '4.12.3',
25 silly addNameRange     '3.20.3',
25 silly addNameRange     '4.12.4',
25 silly addNameRange     '3.21.0',
25 silly addNameRange     '4.13.0',
25 silly addNameRange     '3.21.1',
25 silly addNameRange     '4.13.1',
25 silly addNameRange     '5.0.0-alpha.2',
25 silly addNameRange     '3.21.2',
25 silly addNameRange     '4.13.2',
25 silly addNameRange     '4.13.3',
25 silly addNameRange     '4.13.4' ] ]
26 verbose addNamed [ 'express', '4.13.4' ]
27 verbose addNamed [ '4.13.4', '4.13.4' ]
28 silly lockFile 23607823-express-4-13-4 express@4.13.4
29 verbose lock express@4.13.4 /home/naveen/.npm/23607823-express-4-13-4.lock
30 silly lockFile 65e0249d-s-org-express-express-4-13-4-tgz https://registry.npmjs.org/express/-/express-4.13.4.tgz
31 verbose lock https://registry.npmjs.org/express/-/express-4.13.4.tgz /home/naveen/.npm/65e0249d-s-org-express-express-4-13-4-tgz.lock
32 verbose addRemoteTarball [ 'https://registry.npmjs.org/express/-/express-4.13.4.tgz',
32 verbose addRemoteTarball   '3c0b76f3c77590c8345739061ec0bd3ba067ec24' ]
33 info retry fetch attempt 1 at 09:17:10
34 verbose fetch to= /home/naveen/tmp/npm-20680-HZ_06001/1454816830710-0.8054170487448573/tmp.tgz
35 http GET https://registry.npmjs.org/express/-/express-4.13.4.tgz
36 http 200 https://registry.npmjs.org/express/-/express-4.13.4.tgz
37 verbose tar unpack /home/naveen/tmp/npm-20680-HZ_06001/1454816830710-0.8054170487448573/tmp.tgz
38 silly lockFile e64f122e-30710-0-8054170487448573-package tar:///home/naveen/tmp/npm-20680-HZ_06001/1454816830710-0.8054170487448573/package
39 verbose lock tar:///home/naveen/tmp/npm-20680-HZ_06001/1454816830710-0.8054170487448573/package /home/naveen/.npm/e64f122e-30710-0-8054170487448573-package.lock
40 silly lockFile c02270ef-30710-0-8054170487448573-tmp-tgz tar:///home/naveen/tmp/npm-20680-HZ_06001/1454816830710-0.8054170487448573/tmp.tgz
41 verbose lock tar:///home/naveen/tmp/npm-20680-HZ_06001/1454816830710-0.8054170487448573/tmp.tgz /home/naveen/.npm/c02270ef-30710-0-8054170487448573-tmp-tgz.lock
42 silly gunzTarPerm modes [ '755', '644' ]
43 silly gunzTarPerm extractEntry package.json
44 silly gunzTarPerm modified mode [ 'package.json', 438, 420 ]
45 silly gunzTarPerm extractEntry LICENSE
46 silly gunzTarPerm modified mode [ 'LICENSE', 438, 420 ]
47 silly gunzTarPerm extractEntry index.js
48 silly gunzTarPerm modified mode [ 'index.js', 438, 420 ]
49 silly gunzTarPerm extractEntry History.md
50 silly gunzTarPerm modified mode [ 'History.md', 438, 420 ]
51 silly gunzTarPerm extractEntry Readme.md
52 silly gunzTarPerm modified mode [ 'Readme.md', 438, 420 ]
53 silly gunzTarPerm extractEntry lib/application.js
54 silly gunzTarPerm modified mode [ 'lib/application.js', 438, 420 ]
55 silly gunzTarPerm extractEntry lib/express.js
56 silly gunzTarPerm modified mode [ 'lib/express.js', 438, 420 ]
57 silly gunzTarPerm extractEntry lib/request.js
58 silly gunzTarPerm modified mode [ 'lib/request.js', 438, 420 ]
59 silly gunzTarPerm extractEntry lib/response.js
60 silly gunzTarPerm modified mode [ 'lib/response.js', 438, 420 ]
61 silly gunzTarPerm extractEntry lib/utils.js
62 silly gunzTarPerm modified mode [ 'lib/utils.js', 438, 420 ]
63 silly gunzTarPerm extractEntry lib/view.js
64 silly gunzTarPerm modified mode [ 'lib/view.js', 438, 420 ]
65 silly gunzTarPerm extractEntry lib/middleware/init.js
66 silly gunzTarPerm modified mode [ 'lib/middleware/init.js', 438, 420 ]
67 silly gunzTarPerm extractEntry lib/middleware/query.js
68 silly gunzTarPerm modified mode [ 'lib/middleware/query.js', 438, 420 ]
69 silly gunzTarPerm extractEntry lib/router/index.js
70 silly gunzTarPerm modified mode [ 'lib/router/index.js', 438, 420 ]
71 silly gunzTarPerm extractEntry lib/router/layer.js
72 silly gunzTarPerm modified mode [ 'lib/router/layer.js', 438, 420 ]
73 silly gunzTarPerm extractEntry lib/router/route.js
74 silly gunzTarPerm modified mode [ 'lib/router/route.js', 438, 420 ]
75 silly lockFile e64f122e-30710-0-8054170487448573-package tar:///home/naveen/tmp/npm-20680-HZ_06001/1454816830710-0.8054170487448573/package
76 silly lockFile e64f122e-30710-0-8054170487448573-package tar:///home/naveen/tmp/npm-20680-HZ_06001/1454816830710-0.8054170487448573/package
77 silly lockFile c02270ef-30710-0-8054170487448573-tmp-tgz tar:///home/naveen/tmp/npm-20680-HZ_06001/1454816830710-0.8054170487448573/tmp.tgz
78 silly lockFile c02270ef-30710-0-8054170487448573-tmp-tgz tar:///home/naveen/tmp/npm-20680-HZ_06001/1454816830710-0.8054170487448573/tmp.tgz
79 verbose tar pack [ '/home/naveen/.npm/express/4.13.4/package.tgz',
79 verbose tar pack   '/home/naveen/tmp/npm-20680-HZ_06001/1454816830710-0.8054170487448573/package' ]
80 verbose tarball /home/naveen/.npm/express/4.13.4/package.tgz
81 verbose folder /home/naveen/tmp/npm-20680-HZ_06001/1454816830710-0.8054170487448573/package
82 silly lockFile e64f122e-30710-0-8054170487448573-package tar:///home/naveen/tmp/npm-20680-HZ_06001/1454816830710-0.8054170487448573/package
83 verbose lock tar:///home/naveen/tmp/npm-20680-HZ_06001/1454816830710-0.8054170487448573/package /home/naveen/.npm/e64f122e-30710-0-8054170487448573-package.lock
84 silly lockFile 238c7315-n-npm-express-4-13-4-package-tgz tar:///home/naveen/.npm/express/4.13.4/package.tgz
85 verbose lock tar:///home/naveen/.npm/express/4.13.4/package.tgz /home/naveen/.npm/238c7315-n-npm-express-4-13-4-package-tgz.lock
86 silly lockFile e64f122e-30710-0-8054170487448573-package tar:///home/naveen/tmp/npm-20680-HZ_06001/1454816830710-0.8054170487448573/package
87 silly lockFile e64f122e-30710-0-8054170487448573-package tar:///home/naveen/tmp/npm-20680-HZ_06001/1454816830710-0.8054170487448573/package
88 silly lockFile 238c7315-n-npm-express-4-13-4-package-tgz tar:///home/naveen/.npm/express/4.13.4/package.tgz
89 silly lockFile 238c7315-n-npm-express-4-13-4-package-tgz tar:///home/naveen/.npm/express/4.13.4/package.tgz
90 silly lockFile 688c36ce-aveen-npm-express-4-13-4-package /home/naveen/.npm/express/4.13.4/package
91 verbose lock /home/naveen/.npm/express/4.13.4/package /home/naveen/.npm/688c36ce-aveen-npm-express-4-13-4-package.lock
92 silly lockFile 688c36ce-aveen-npm-express-4-13-4-package /home/naveen/.npm/express/4.13.4/package
93 silly lockFile 688c36ce-aveen-npm-express-4-13-4-package /home/naveen/.npm/express/4.13.4/package
94 verbose tar unpack /home/naveen/.npm/express/4.13.4/package.tgz
95 silly lockFile 0195611a-aveen-npm-express-4-13-4-package tar:///home/naveen/.npm/express/4.13.4/package
96 verbose lock tar:///home/naveen/.npm/express/4.13.4/package /home/naveen/.npm/0195611a-aveen-npm-express-4-13-4-package.lock
97 silly lockFile 238c7315-n-npm-express-4-13-4-package-tgz tar:///home/naveen/.npm/express/4.13.4/package.tgz
98 verbose lock tar:///home/naveen/.npm/express/4.13.4/package.tgz /home/naveen/.npm/238c7315-n-npm-express-4-13-4-package-tgz.lock
99 silly gunzTarPerm modes [ '755', '644' ]
100 silly gunzTarPerm extractEntry package.json
101 silly gunzTarPerm extractEntry LICENSE
102 silly gunzTarPerm extractEntry index.js
103 silly gunzTarPerm extractEntry History.md
104 silly gunzTarPerm extractEntry Readme.md
105 silly gunzTarPerm extractEntry lib/application.js
106 silly gunzTarPerm extractEntry lib/express.js
107 silly gunzTarPerm extractEntry lib/request.js
108 silly gunzTarPerm extractEntry lib/response.js
109 silly gunzTarPerm extractEntry lib/utils.js
110 silly gunzTarPerm extractEntry lib/view.js
111 silly gunzTarPerm extractEntry lib/middleware/init.js
112 silly gunzTarPerm extractEntry lib/middleware/query.js
113 silly gunzTarPerm extractEntry lib/router/index.js
114 silly gunzTarPerm extractEntry lib/router/layer.js
115 silly gunzTarPerm extractEntry lib/router/route.js
116 silly lockFile 0195611a-aveen-npm-express-4-13-4-package tar:///home/naveen/.npm/express/4.13.4/package
117 silly lockFile 0195611a-aveen-npm-express-4-13-4-package tar:///home/naveen/.npm/express/4.13.4/package
118 silly lockFile 238c7315-n-npm-express-4-13-4-package-tgz tar:///home/naveen/.npm/express/4.13.4/package.tgz
119 silly lockFile 238c7315-n-npm-express-4-13-4-package-tgz tar:///home/naveen/.npm/express/4.13.4/package.tgz
120 verbose chmod /home/naveen/.npm/express/4.13.4/package.tgz 644
121 verbose chown /home/naveen/.npm/express/4.13.4/package.tgz [ 1000, 1000 ]
122 silly lockFile 65e0249d-s-org-express-express-4-13-4-tgz https://registry.npmjs.org/express/-/express-4.13.4.tgz
123 silly lockFile 65e0249d-s-org-express-express-4-13-4-tgz https://registry.npmjs.org/express/-/express-4.13.4.tgz
124 silly lockFile 23607823-express-4-13-4 express@4.13.4
125 silly lockFile 23607823-express-4-13-4 express@4.13.4
126 silly lockFile 64a534c1-express express@
127 silly lockFile 64a534c1-express express@
128 silly resolved [ { name: 'express',
128 silly resolved     description: 'Fast, unopinionated, minimalist web framework',
128 silly resolved     version: '4.13.4',
128 silly resolved     author: { name: 'TJ Holowaychuk', email: 'tj@vision-media.ca' },
128 silly resolved     contributors:
128 silly resolved      [ [Object],
128 silly resolved        [Object],
128 silly resolved        [Object],
128 silly resolved        [Object],
128 silly resolved        [Object],
128 silly resolved        [Object],
128 silly resolved        [Object] ],
128 silly resolved     license: 'MIT',
128 silly resolved     repository: { type: 'git', url: 'git://github.com/expressjs/express' },
128 silly resolved     keywords:
128 silly resolved      [ 'express',
128 silly resolved        'framework',
128 silly resolved        'sinatra',
128 silly resolved        'web',
128 silly resolved        'rest',
128 silly resolved        'restful',
128 silly resolved        'router',
128 silly resolved        'app',
128 silly resolved        'api' ],
128 silly resolved     dependencies:
128 silly resolved      { accepts: '~1.2.12',
128 silly resolved        'array-flatten': '1.1.1',
128 silly resolved        'content-disposition': '0.5.1',
128 silly resolved        'content-type': '~1.0.1',
128 silly resolved        cookie: '0.1.5',
128 silly resolved        'cookie-signature': '1.0.6',
128 silly resolved        debug: '~2.2.0',
128 silly resolved        depd: '~1.1.0',
128 silly resolved        'escape-html': '~1.0.3',
128 silly resolved        etag: '~1.7.0',
128 silly resolved        finalhandler: '0.4.1',
128 silly resolved        fresh: '0.3.0',
128 silly resolved        'merge-descriptors': '1.0.1',
128 silly resolved        methods: '~1.1.2',
128 silly resolved        'on-finished': '~2.3.0',
128 silly resolved        parseurl: '~1.3.1',
128 silly resolved        'path-to-regexp': '0.1.7',
128 silly resolved        'proxy-addr': '~1.0.10',
128 silly resolved        qs: '4.0.0',
128 silly resolved        'range-parser': '~1.0.3',
128 silly resolved        send: '0.13.1',
128 silly resolved        'serve-static': '~1.10.2',
128 silly resolved        'type-is': '~1.6.6',
128 silly resolved        'utils-merge': '1.0.0',
128 silly resolved        vary: '~1.0.1' },
128 silly resolved     devDependencies:
128 silly resolved      { after: '0.8.1',
128 silly resolved        ejs: '2.3.4',
128 silly resolved        istanbul: '0.4.2',
128 silly resolved        marked: '0.3.5',
128 silly resolved        mocha: '2.3.4',
128 silly resolved        should: '7.1.1',
128 silly resolved        supertest: '1.1.0',
128 silly resolved        'body-parser': '~1.14.2',
128 silly resolved        'connect-redis': '~2.4.1',
128 silly resolved        'cookie-parser': '~1.4.1',
128 silly resolved        'cookie-session': '~1.2.0',
128 silly resolved        'express-session': '~1.13.0',
128 silly resolved        jade: '~1.11.0',
128 silly resolved        'method-override': '~2.3.5',
128 silly resolved        morgan: '~1.6.1',
128 silly resolved        multiparty: '~4.1.2',
128 silly resolved        vhost: '~3.0.1' },
128 silly resolved     engines: { node: '>= 0.10.0' },
128 silly resolved     files: [ 'LICENSE', 'History.md', 'Readme.md', 'index.js', 'lib/' ],
128 silly resolved     scripts:
128 silly resolved      { test: 'mocha --require test/support/env --reporter spec --bail --check-leaks test/ test/acceptance/',
128 silly resolved        'test-ci': 'istanbul cover node_modules/mocha/bin/_mocha --report lcovonly -- --require test/support/env --reporter spec --check-leaks test/ test/acceptance/',
128 silly resolved        'test-cov': 'istanbul cover node_modules/mocha/bin/_mocha -- --require test/support/env --reporter dot --check-leaks test/ test/acceptance/',
128 silly resolved        'test-tap': 'mocha --require test/support/env --reporter tap --check-leaks test/ test/acceptance/' },
128 silly resolved     readme: '[![Express Logo](https://i.cloudup.com/zfY6lL7eFa-3000x3000.png)](http://expressjs.com/)\n\n  Fast, unopinionated, minimalist web framework for [node](http://nodejs.org).\n\n  [![NPM Version][npm-image]][npm-url]\n  [![NPM Downloads][downloads-image]][downloads-url]\n  [![Linux Build][travis-image]][travis-url]\n  [![Windows Build][appveyor-image]][appveyor-url]\n  [![Test Coverage][coveralls-image]][coveralls-url]\n\n```js\nvar express = require(\'express\')\nvar app = express()\n\napp.get(\'/\', function (req, res) {\n  res.send(\'Hello World\')\n})\n\napp.listen(3000)\n```\n\n## Installation\n\n```bash\n$ npm install express\n```\n\n## Features\n\n  * Robust routing\n  * Focus on high performance\n  * Super-high test coverage\n  * HTTP helpers (redirection, caching, etc)\n  * View system supporting 14+ template engines\n  * Content negotiation\n  * Executable for generating applications quickly\n\n## Docs & Community\n\n  * [#express](https://webchat.freenode.net/?channels=express) on freenode IRC\n  * [Github Organization](https://github.com/expressjs) for Official Middleware & Modules\n  * [Google Group](https://groups.google.com/group/express-js) for discussion\n  * [Gitter](https://gitter.im/expressjs/express) for support and discussion\n  * [Русскоязычная документация](http://jsman.ru/express/)\n\n###Security Issues\n\nIf you discover a security vulnerability in Express, please see [Security Policies and Procedures](Security.md).\n\n## Quick Start\n\n  The quickest way to get started with express is to utilize the executable [`express(1)`](https://github.com/expressjs/generator) to generate an application as shown below:\n\n  Install the executable. The executable\'s major version will match Express\'s:\n\n```bash\n$ npm install -g express-generator@4\n```\n\n  Create the app:\n\n```bash\n$ express /tmp/foo && cd /tmp/foo\n```\n\n  Install dependencies:\n\n```bash\n$ npm install\n```\n\n  Start the server:\n\n```bash\n$ npm start\n```\n\n## Philosophy\n\n  The Express philosophy is to provide small, robust tooling for HTTP servers, making\n  it a great solution for single page applications, web sites, hybrids, or public\n  HTTP APIs.\n\n  Express does not force you to use any specific ORM or template engine. With support for over\n  14 template engines via [Consolidate.js](https://github.com/tj/consolidate.js),\n  you can quickly craft your perfect framework.\n\n## Examples\n\n  To view the examples, clone the Express repo and install the dependencies:\n\n```bash\n$ git clone git://github.com/expressjs/express.git --depth 1\n$ cd express\n$ npm install\n```\n\n  Then run whichever example you want:\n\n```bash\n$ node examples/content-negotiation\n```\n\n## Tests\n\n  To run the test suite, first install the dependencies, then run `npm test`:\n\n```bash\n$ npm install\n$ npm test\n```\n\n## People\n\nThe original author of Express is [TJ Holowaychuk](https://github.com/tj) [![TJ\'s Gratipay][gratipay-image-visionmedia]][gratipay-url-visionmedia]\n\nThe current lead maintainer is [Douglas Christopher Wilson](https://github.com/dougwilson) [![Doug\'s Gratipay][gratipay-image-dougwilson]][gratipay-url-dougwilson]\n\n[List of all contributors](https://github.com/expressjs/express/graphs/contributors)\n\n## License\n\n  [MIT](LICENSE)\n\n[npm-image]: https://img.shields.io/npm/v/express.svg\n[npm-url]: https://npmjs.org/package/express\n[downloads-image]: https://img.shields.io/npm/dm/express.svg\n[downloads-url]: https://npmjs.org/package/express\n[travis-image]: https://img.shields.io/travis/expressjs/express/master.svg?label=linux\n[travis-url]: https://travis-ci.org/expressjs/express\n[appveyor-image]: https://img.shields.io/appveyor/ci/dougwilson/express/master.svg?label=windows\n[appveyor-url]: https://ci.appveyor.com/project/dougwilson/express\n[coveralls-image]: https://img.shields.io/coveralls/expressjs/express/master.svg\n[coveralls-url]: https://coveralls.io/r/expressjs/express?branch=master\n[gratipay-image-visionmedia]: https://img.shields.io/gratipay/visionmedia.svg\n[gratipay-url-visionmedia]: https://gratipay.com/visionmedia/\n[gratipay-image-dougwilson]: https://img.shields.io/gratipay/dougwilson.svg\n[gratipay-url-dougwilson]: https://gratipay.com/dougwilson/\n',
128 silly resolved     readmeFilename: 'Readme.md',
128 silly resolved     bugs: { url: 'https://github.com/expressjs/express/issues' },
128 silly resolved     _id: 'express@4.13.4',
128 silly resolved     dist: { shasum: '98894dcde9699b07cd7ac0b30510ab13a729ff13' },
128 silly resolved     _from: 'express@',
128 silly resolved     _resolved: 'https://registry.npmjs.org/express/-/express-4.13.4.tgz' } ]
129 info install express@4.13.4 into /usr/local/lib
130 info installOne express@4.13.4
131 info /usr/local/lib/node_modules/express unbuild
132 info preuninstall express@4.13.3
133 info uninstall express@4.13.3
134 verbose true,/usr/local/lib/node_modules,/usr/local/lib/node_modules unbuild express@4.13.3
135 info postuninstall express@4.13.3
136 info /usr/local/lib/node_modules/express unbuild
137 info preuninstall express@4.13.3
138 info uninstall express@4.13.3
139 verbose true,/usr/local/lib/node_modules,/usr/local/lib/node_modules unbuild express@4.13.3
140 info postuninstall express@4.13.3
141 error error rolling back Error: EACCES, unlink '/usr/local/lib/node_modules/express'
141 error error rolling back  express@4.13.4 { [Error: EACCES, unlink '/usr/local/lib/node_modules/express']
141 error error rolling back   errno: 3,
141 error error rolling back   code: 'EACCES',
141 error error rolling back   path: '/usr/local/lib/node_modules/express' }
142 error Error: EACCES, unlink '/usr/local/lib/node_modules/express'
142 error  { [Error: EACCES, unlink '/usr/local/lib/node_modules/express']
142 error   errno: 3,
142 error   code: 'EACCES',
142 error   path: '/usr/local/lib/node_modules/express' }
143 error Please try running this command again as root/Administrator.
144 error System Linux 3.13.0-74-generic
145 error command "/usr/bin/nodejs" "/usr/bin/npm" "install" "-g" "express"
146 error cwd /home/naveen/iot/trial
147 error node -v v0.10.25
148 error npm -v 1.3.10
149 error path /usr/local/lib/node_modules/express
150 error code EACCES
151 error errno 3
152 error stack Error: EACCES, unlink '/usr/local/lib/node_modules/express'
153 verbose exit [ 3, true ]
